<?xml version="1.0" encoding="UTF-8"?>
<testsuite xmlns:xsi="http://www.w3.org/2001/XMLSchema-instance" xsi:noNamespaceSchemaLocation="https://maven.apache.org/surefire/maven-surefire-plugin/xsd/surefire-test-report.xsd" name="com.schulung.test.AppTest" time="0.04" tests="1" errors="0" skipped="0" failures="0">
  <properties>
    <property name="java.specification.version" value="21"/>
    <property name="sun.cpu.isalist" value="amd64"/>
    <property name="sun.jnu.encoding" value="Cp1252"/>
    <property name="java.class.path" value="C:\Users\elias.prohaszka\Documents\dev\Test\demo1\target\test-classes;C:\Users\elias.prohaszka\Documents\dev\Test\demo1\target\classes;C:\Users\elias.prohaszka\.m2\repository\junit\junit\4.11\junit-4.11.jar;C:\Users\elias.prohaszka\.m2\repository\org\hamcrest\hamcrest-core\1.3\hamcrest-core-1.3.jar;"/>
    <property name="java.vm.vendor" value="Eclipse Adoptium"/>
    <property name="sun.arch.data.model" value="64"/>
    <property name="user.variant" value=""/>
    <property name="java.vendor.url" value="https://adoptium.net/"/>
    <property name="user.timezone" value="Europe/Berlin"/>
    <property name="os.name" value="Windows 11"/>
    <property name="java.vm.specification.version" value="21"/>
    <property name="sun.java.launcher" value="SUN_STANDARD"/>
    <property name="user.country" value="DE"/>
    <property name="sun.boot.library.path" value="C:\Program Files\Eclipse Adoptium\jdk-21.0.7.6-hotspot\bin"/>
    <property name="sun.java.command" value="C:\Users\ELIAS~1.PRO\AppData\Local\Temp\surefire3210576828496664962\surefirebooter12276413804617039621.jar C:\Users\elias.prohaszka\AppData\Local\Temp\surefire3210576828496664962 2025-04-25T13-23-34_330-jvmRun1 surefire10536840574817248579tmp surefire_012293673284485721505tmp"/>
    <property name="jdk.debug" value="release"/>
    <property name="surefire.test.class.path" value="C:\Users\elias.prohaszka\Documents\dev\Test\demo1\target\test-classes;C:\Users\elias.prohaszka\Documents\dev\Test\demo1\target\classes;C:\Users\elias.prohaszka\.m2\repository\junit\junit\4.11\junit-4.11.jar;C:\Users\elias.prohaszka\.m2\repository\org\hamcrest\hamcrest-core\1.3\hamcrest-core-1.3.jar;"/>
    <property name="sun.cpu.endian" value="little"/>
    <property name="user.home" value="C:\Users\elias.prohaszka"/>
    <property name="user.language" value="de"/>
    <property name="java.specification.vendor" value="Oracle Corporation"/>
    <property name="java.version.date" value="2025-04-15"/>
    <property name="java.home" value="C:\Program Files\Eclipse Adoptium\jdk-21.0.7.6-hotspot"/>
    <property name="file.separator" value="\"/>
    <property name="basedir" value="C:\Users\elias.prohaszka\Documents\dev\Test\demo1"/>
    <property name="java.vm.compressedOopsMode" value="Zero based"/>
    <property name="line.separator" value="&#10;"/>
    <property name="java.vm.specification.vendor" value="Oracle Corporation"/>
    <property name="java.specification.name" value="Java Platform API Specification"/>
    <property name="surefire.real.class.path" value="C:\Users\ELIAS~1.PRO\AppData\Local\Temp\surefire3210576828496664962\surefirebooter12276413804617039621.jar"/>
    <property name="user.script" value=""/>
    <property name="sun.management.compiler" value="HotSpot 64-Bit Tiered Compilers"/>
    <property name="java.runtime.version" value="21.0.7+6-LTS"/>
    <property name="user.name" value="elias.prohaszka"/>
    <property name="stdout.encoding" value="Cp1252"/>
    <property name="path.separator" value=";"/>
    <property name="os.version" value="10.0"/>
    <property name="java.runtime.name" value="OpenJDK Runtime Environment"/>
    <property name="file.encoding" value="UTF-8"/>
    <property name="java.vm.name" value="OpenJDK 64-Bit Server VM"/>
    <property name="java.vendor.version" value="Temurin-21.0.7+6"/>
    <property name="localRepository" value="C:\Users\elias.prohaszka\.m2\repository"/>
    <property name="java.vendor.url.bug" value="https://github.com/adoptium/adoptium-support/issues"/>
    <property name="java.io.tmpdir" value="C:\Users\ELIAS~1.PRO\AppData\Local\Temp\"/>
    <property name="java.version" value="21.0.7"/>
    <property name="user.dir" value="C:\Users\elias.prohaszka\Documents\dev\Test\demo1"/>
    <property name="os.arch" value="amd64"/>
    <property name="java.vm.specification.name" value="Java Virtual Machine Specification"/>
    <property name="sun.os.patch.level" value=""/>
    <property name="native.encoding" value="Cp1252"/>
    <property name="java.library.path" value="C:\Program Files\Eclipse Adoptium\jdk-21.0.7.6-hotspot\bin;C:\Windows\Sun\Java\bin;C:\Windows\system32;C:\Windows;C:\Program Files\Eclipse Adoptium\jdk-21.0.7.6-hotspot\bin;C:\Windows\system32;C:\Windows;C:\Windows\System32\Wbem;C:\Windows\System32\WindowsPowerShell\v1.0\;C:\Windows\System32\OpenSSH\;C:\Program Files\dotnet\;C:\Program Files\Microsoft SQL Server\150\Tools\Binn\;C:\Program Files\Microsoft SQL Server\Client SDK\ODBC\170\Tools\Binn\;C:\Program Files\Docker\Docker\resources\bin;C:\Program Files\Git\cmd;C:\Program Files\nodejs\;C:\Program Files\Tailscale\;C:\Users\elias.prohaszka\Documents\maven\apache-maven-3.9.9\bin;C:\Users\elias.prohaszka\AppData\Local\Microsoft\WindowsApps;C:\Users\elias.prohaszka\AppData\Local\Programs\Microsoft VS Code\bin;C:\Users\elias.prohaszka\AppData\Local\Microsoft\WinGet\Packages\Schniz.fnm_Microsoft.Winget.Source_8wekyb3d8bbwe;C:\Users\elias.prohaszka\AppData\Roaming\npm;."/>
    <property name="java.vm.info" value="mixed mode, sharing"/>
    <property name="stderr.encoding" value="Cp1252"/>
    <property name="java.vendor" value="Eclipse Adoptium"/>
    <property name="java.vm.version" value="21.0.7+6-LTS"/>
    <property name="sun.io.unicode.encoding" value="UnicodeLittle"/>
    <property name="java.class.version" value="65.0"/>
  </properties>
  <testcase name="shouldAnswerWithTrue" classname="com.schulung.test.AppTest" time="0"/>
</testsuite>